<?xml version="1.0" encoding="UTF-8"?>
<!-- Generated by org.testng.reporters.JUnitReportReporter -->
<testsuite skipped="0" hostname="Jithinrajan" name="com.crm.qa.testcases.LoginPageTest" tests="3" failures="0" timestamp="02 Aug 2019 05:55:15 GMT" time="113.878" errors="0">
  <testcase name="validatetitle" time="31.434" classname="com.crm.qa.testcases.LoginPageTest"/>
  <testcase name="validatelogo" time="16.678" classname="com.crm.qa.testcases.LoginPageTest"/>
  <testcase name="login" time="65.766" classname="com.crm.qa.testcases.LoginPageTest"/>
</testsuite> <!-- com.crm.qa.testcases.LoginPageTest -->
