<?xml version="1.0" encoding="UTF-8"?>
<!-- Generated by org.testng.reporters.JUnitReportReporter -->
<testsuite skipped="0" hostname="Jithinrajan" name="com.crm.qa.testcases.HomePageTest" tests="3" failures="0" timestamp="02 Aug 2019 05:55:15 GMT" time="112.075" errors="0">
  <testcase name="homePageTitleValidate" time="40.412" classname="com.crm.qa.testcases.HomePageTest"/>
  <testcase name="verifyUNLabdisp" time="33.473" classname="com.crm.qa.testcases.HomePageTest"/>
  <testcase name="verifyContactsLinkTest" time="38.190" classname="com.crm.qa.testcases.HomePageTest"/>
</testsuite> <!-- com.crm.qa.testcases.HomePageTest -->
